<?xml version="1.0" encoding="UTF-8"?>
<!-- Generated by org.testng.reporters.JUnitReportReporter -->
<testsuite hostname="Nadil" failures="0" tests="1" name="com.org.testclass.PathAndParameter" time="1.916" errors="0" timestamp="2024-05-28T15:50:23 IST" skipped="0">
  <testcase classname="com.org.testclass.PathAndParameter" name="pathAndParameterTest" time="1.916"/>
</testsuite> <!-- com.org.testclass.PathAndParameter -->
