<?xml version="1.0" encoding="UTF-8"?>
<!-- Generated by org.testng.reporters.JUnitReportReporter -->
<testsuite hostname="Nadil" failures="0" tests="4" name="com.org.testclass.BasicKeywords" time="4.420" errors="0" timestamp="2024-05-16T01:10:21 IST" skipped="0">
  <testcase classname="com.org.testclass.BasicKeywords" name="getUserData" time="2.763"/>
  <testcase classname="com.org.testclass.BasicKeywords" name="createUser" time="0.819"/>
  <testcase classname="com.org.testclass.BasicKeywords" name="updateUser" time="0.444"/>
  <testcase classname="com.org.testclass.BasicKeywords" name="deleteUser" time="0.394"/>
</testsuite> <!-- com.org.testclass.BasicKeywords -->
